<?xml version="1.0" encoding="UTF-8"?>
<!-- Generated by org.testng.reporters.JUnitReportReporter -->
<testsuite hostname="LKLT1248" failures="0" tests="2" name="testclasses.LoginTests" time="23.007" errors="0" timestamp="2022-07-13T15:02:52 IST" skipped="1">
  <testcase classname="testclasses.LoginTests" name="testInvalidLogin" time="23.007"/>
  <system-out/>
  <testcase classname="testclasses.LoginTests" name="testLogin">
    <skipped/>
  </testcase> <!-- testLogin -->
  <system-out/>
</testsuite> <!-- testclasses.LoginTests -->
